1525275673785	geckodriver	INFO	geckodriver 0.20.0
1525275673805	geckodriver	INFO	Listening on 127.0.0.1:54460
1525275676878	mozrunner::runner	INFO	Running command: "C:\\Program Files\\Mozilla Firefox\\firefox.exe" "-marionette" "-profile" "C:\\Users\\ELITEB~1\\AppData\\Local\\Temp\\rust_mozprofile.fv9ooKGHRXs4"
1525275787042	geckodriver	INFO	geckodriver 0.20.0
1525275787052	geckodriver	INFO	Listening on 127.0.0.1:60868
1525275790069	mozrunner::runner	INFO	Running command: "C:\\Program Files\\Mozilla Firefox\\firefox.exe" "-marionette" "-profile" "C:\\Users\\ELITEB~1\\AppData\\Local\\Temp\\rust_mozprofile.cCmignhq8ULF"
Unable to read VR Path Registry from C:\Users\EliteBook 8560W\AppData\Local\openvr\openvrpaths.vrpath
1525275790710	Marionette	INFO	Enabled via --marionette
Unable to read VR Path Registry from C:\Users\EliteBook 8560W\AppData\Local\openvr\openvrpaths.vrpath
Unable to read VR Path Registry from C:\Users\EliteBook 8560W\AppData\Local\openvr\openvrpaths.vrpath
Unable to read VR Path Registry from C:\Users\EliteBook 8560W\AppData\Local\openvr\openvrpaths.vrpath
Unable to read VR Path Registry from C:\Users\EliteBook 8560W\AppData\Local\openvr\openvrpaths.vrpath
1525275792512	Marionette	INFO	Listening on port 60877
1525275793178	Marionette	WARN	TLS certificate errors will be ignored for this session
[Child 5624, Chrome_ChildThread] WARNING: pipe error: 109: file z:/build/build/src/ipc/chromium/src/chrome/common/ipc_channel_win.cc, line 346
[Child 5624, Chr[Parent 17000, Gecko_IOThread] WARNING: pipe error: 109: file z:/build/build/src/ipc/chromium/src/chrome/common/ipc_channel_win.cc, line 346
[Child 7896, Chrome_ChildThread] WARNING: pipe error: 109: file z:/build/build/src/ipc/chromium/src/chrome/common/ipc_channel_win.cc, line 346
[Child 7896, Chrome_ChildThread] WARNING: p*** UTM:SVC TimerManager:registerTimer called after profile-before-change notification. Ignoring timer registration for id: telemetry_modules_ping

###!!! [Child][MessageChannel::SendAndWait] Error: Channel error: cannot send/recv

1525275794408	geckodriver::marionette	ERROR	Failed to stop browser process
1525275865985	geckodriver	INFO	geckodriver 0.20.0
1525275865994	geckodriver	INFO	Listening on 127.0.0.1:60911
1525275869035	mozrunner::runner	INFO	Running command: "C:\\Program Files\\Mozilla Firefox\\firefox.exe" "-marionette" "-profile" "C:\\Users\\ELITEB~1\\AppData\\Local\\Temp\\rust_mozprofile.zcf5DhruV8fy"
Unable to read VR Path Registry from C:\Users\EliteBook 8560W\AppData\Local\openvr\openvrpaths.vrpath
1525275869654	Marionette	INFO	Enabled via --marionette
Unable to read VR Path Registry from C:\Users\EliteBook 8560W\AppData\Local\openvr\openvrpaths.vrpath
Unable to read VR Path Registry from C:\Users\EliteBook 8560W\AppData\Local\openvr\openvrpaths.vrpath
Unable to read VR Path Registry from C:\Users\EliteBook 8560W\AppData\Local\openvr\openvrpaths.vrpath
Unable to read VR Path Registry from C:\Users\EliteBook 8560W\AppData\Local\openvr\openvrpaths.vrpath
1525275871406	Marionette	INFO	Listening on port 60919
1525275872146	Marionette	WARN	TLS certificate errors will be ignored for this session
[Child 7696, Chrome_ChildThread] WARNING: pipe error: 109: file z:/build/build/src/ipc/chromium/src/chrome/common/ipc_channel_win.cc, line 346
[Child 7696, Chro[Child 14356, Chrome_ChildThread] WARNING: pipe error: 109: file z:/build/build/src/ipc/chromium/src/chrome/common/ipc_channel_win.cc, line 346
[Child 14356, Chrome_ChildThre[Child 1168, Chrome_Ch*** UTM:SVC TimerManager:registerTimer called after profile-before-change notification. Ignoring timer registration for id: telemetry_modules_ping

###!!! [Child][MessageChannel::SendAndWait] Error: Channel error: cannot send/recv

1525275878330	geckodriver::marionette	ERROR	Failed to stop browser process
1525276352827	geckodriver	INFO	geckodriver 0.20.0
1525276352840	geckodriver	INFO	Listening on 127.0.0.1:61027
1525276355871	mozrunner::runner	INFO	Running command: "C:\\Program Files\\Mozilla Firefox\\firefox.exe" "-marionette" "-profile" "C:\\Users\\ELITEB~1\\AppData\\Local\\Temp\\rust_mozprofile.Mf9BpikxngvP"
Unable to read VR Path Registry from C:\Users\EliteBook 8560W\AppData\Local\openvr\openvrpaths.vrpath
1525276356546	Marionette	INFO	Enabled via --marionette
Unable to read VR Path Registry from C:\Users\EliteBook 8560W\AppData\Local\openvr\openvrpaths.vrpath
Unable to read VR Path Registry from C:\Users\EliteBook 8560W\AppData\Local\openvr\openvrpaths.vrpath
Unable to read VR Path Registry from C:\Users\EliteBook 8560W\AppData\Local\openvr\openvrpaths.vrpath
Unable to read VR Path Registry from C:\Users\EliteBook 8560W\AppData\Local\openvr\openvrpaths.vrpath
1525276358288	Marionette	INFO	Listening on port 61035
1525276358986	Marionette	WARN	TLS certificate errors will be ignored for this session
[Child 12172, Chrome_ChildThread] WARNING: pipe error: 109: file z:/build/build/src/ipc/chromium/src/chrome/common/ipc_channel_win.cc, line 346
[Child 12172, Chr[Child 2020, Chrome_ChildThread] WARNING: pipe error: 109: file z:/build/build/src/ipc/chromium/src/chrome/common/ipc_channel_win.cc, line 346
[Child 2020, Chrome_ChildThread] WARNING: pipe error: 109: file z:/build/build/src/ipc/chromium/src/chrome/common/ipc_channel_win.cc, line 346
[Parent 13896, Gecko_IOThread] WARNING: pipe error: 109: file z:/build/build/src/ipc/chromium/src/chrome/common/ipc_channel_win.cc, line 346
*** UTM:SVC TimerManager:registerTimer called after profile-before-change notification. Ignoring timer registration for id: telemetry_modules_ping

###!!! [Child][MessageChannel::SendAndWait] Error: Channel error: cannot send/recv

1525276365234	geckodriver::marionette	ERROR	Failed to stop browser process
1525425453241	geckodriver	INFO	geckodriver 0.20.0
1525425453265	geckodriver	INFO	Listening on 127.0.0.1:52214
1525425456295	mozrunner::runner	INFO	Running command: "C:\\Program Files\\Mozilla Firefox\\firefox.exe" "-marionette" "-profile" "C:\\Users\\ELITEB~1\\AppData\\Local\\Temp\\rust_mozprofile.Pdy0mWkmUQa5"
Unable to read VR Path Registry from C:\Users\EliteBook 8560W\AppData\Local\openvr\openvrpaths.vrpath
1525425457790	Marionette	INFO	Enabled via --marionette
Unable to read VR Path Registry from C:\Users\EliteBook 8560W\AppData\Local\openvr\openvrpaths.vrpath
Unable to read VR Path Registry from C:\Users\EliteBook 8560W\AppData\Local\openvr\openvrpaths.vrpath
Unable to read VR Path Registry from C:\Users\EliteBook 8560W\AppData\Local\openvr\openvrpaths.vrpath
Unable to read VR Path Registry from C:\Users\EliteBook 8560W\AppData\Local\openvr\openvrpaths.vrpath
1525425459918	Marionette	INFO	Listening on port 52227
1525425460414	Marionette	WARN	TLS certificate errors will be ignored for this session
[Child 62132, Chrome_ChildThread] WARNING: pipe error: 109: file z:/build/build/src/ipc/chromium/src/chrome/common/ipc_channel_win.cc, line 346
[Child 62132, Chrome_ChildThre[Parent 63728, Gecko_IOThread] WARNING: pipe error: 109: file z:/build/build/src/ipc/chromium/src/chrome/common/ipc_channel_win.cc, line 346
[Child 63588, Chrome_ChildThread] WARNING: pipe error: 109: file z:/build/build/src/ipc/chromium/src/chrome/common/ipc_channel_win.cc, line 346
[Child 63588, Chrome_[Parent 63728, Gecko_IOThread] WARNING: pipe error: 109: file z:/build/build/src/ipc/chromium/src/chrome/common/ipc_channel_win.cc, line 346
[Child 428, Chrome_ChildThread] WARNING: pipe error: 109: file z:/build/build/src/ipc/chromium/src/chrome/common/ipc_channel_win.cc, line 346
[Child 428, Chrom*** UTM:SVC TimerManager:registerTimer called after profile-before-change notification. Ignoring timer registration for id: telemetry_modules_ping

###!!! [Child][MessageChannel::SendAndWait] Error: Channel error: cannot send/recv

1525425466760	geckodriver::marionette	ERROR	Failed to stop browser process
1525425667836	geckodriver	INFO	geckodriver 0.20.0
1525425667845	geckodriver	INFO	Listening on 127.0.0.1:52500
1525425670889	mozrunner::runner	INFO	Running command: "C:\\Program Files\\Mozilla Firefox\\firefox.exe" "-marionette" "-profile" "C:\\Users\\ELITEB~1\\AppData\\Local\\Temp\\rust_mozprofile.XEcfB2H5peo7"
Unable to read VR Path Registry from C:\Users\EliteBook 8560W\AppData\Local\openvr\openvrpaths.vrpath
1525425671496	Marionette	INFO	Enabled via --marionette
Unable to read VR Path Registry from C:\Users\EliteBook 8560W\AppData\Local\openvr\openvrpaths.vrpath
Unable to read VR Path Registry from C:\Users\EliteBook 8560W\AppData\Local\openvr\openvrpaths.vrpath
Unable to read VR Path Registry from C:\Users\EliteBook 8560W\AppData\Local\openvr\openvrpaths.vrpath
Unable to read VR Path Registry from C:\Users\EliteBook 8560W\AppData\Local\openvr\openvrpaths.vrpath
1525425673282	Marionette	INFO	Listening on port 52508
1525425674014	Marionette	WARN	TLS certificate errors will be ignored for this session
[Child 42492, Chrome_ChildThread] WARNING: pipe error: 109: file z:/build/build/src/ipc/chromium/src/chrome/common/ipc_channel_win.cc, line 346
[Child 42492, Chrome_[Parent 42344, Gecko_IOThread] WARNING: pipe error: 109: file z:/build/build/src/ipc/chromium/src/chrome/common/ipc_channel_win.cc, line 346
[Child 43964, Chrome_ChildThread] WARNING: pipe error: 109: file z:/build/build/src/ipc/chromium/src/chrome/common/ipc_channel_win.cc, line 346
[Child 43964, Chrome*** UTM:SVC TimerManager:registerTimer called after profile-before-change notification. Ignoring timer registration for id: telemetry_modules_ping

###!!! [Child][MessageChannel::SendAndWait] Error: Channel error: cannot send/recv

1525425680487	geckodriver::marionette	ERROR	Failed to stop browser process
1525425995654	geckodriver	INFO	geckodriver 0.20.0
1525425995663	geckodriver	INFO	Listening on 127.0.0.1:52625
1525425998711	mozrunner::runner	INFO	Running command: "C:\\Program Files\\Mozilla Firefox\\firefox.exe" "-marionette" "-profile" "C:\\Users\\ELITEB~1\\AppData\\Local\\Temp\\rust_mozprofile.0lyVPGDhF30A"
Unable to read VR Path Registry from C:\Users\EliteBook 8560W\AppData\Local\openvr\openvrpaths.vrpath
1525425999366	Marionette	INFO	Enabled via --marionette
Unable to read VR Path Registry from C:\Users\EliteBook 8560W\AppData\Local\openvr\openvrpaths.vrpath
Unable to read VR Path Registry from C:\Users\EliteBook 8560W\AppData\Local\openvr\openvrpaths.vrpath
Unable to read VR Path Registry from C:\Users\EliteBook 8560W\AppData\Local\openvr\openvrpaths.vrpath
Unable to read VR Path Registry from C:\Users\EliteBook 8560W\AppData\Local\openvr\openvrpaths.vrpath
1525426001032	Marionette	INFO	Listening on port 52634
1525426001822	Marionette	WARN	TLS certificate errors will be ignored for this session
[Child 30040, Chrome_ChildThread] WARNING: pipe error: 109: file z:/build/build/src/ipc/chromium/src/chrome/common/ipc_channel_win.cc, line 346
[Child 30040, Ch[Parent 26052, Gecko_IOThread] WARNING: pipe error: 109: file z:/build/build/src/ipc/chromium/src/chrome/common/ipc_channel_win.cc, line 346
[Child 26504, Chrome_ChildThread] WARNING: pipe error: 109: file z:/build/build/src/ipc/chromium/src/chrome/common/ipc_channel_win.cc, line 346
[Child 26504, Chro[Child 43760, Chrome_ChildThrea*** UTM:SVC TimerManager:registerTimer called after profile-before-change notification. Ignoring timer registration for id: telemetry_modules_ping

###!!! [Child][MessageChannel::SendAndWait] Error: Channel error: cannot send/recv

1525426008069	geckodriver::marionette	ERROR	Failed to stop browser process
1525426042287	geckodriver	INFO	geckodriver 0.20.0
1525426042296	geckodriver	INFO	Listening on 127.0.0.1:52670
1525426045334	mozrunner::runner	INFO	Running command: "C:\\Program Files\\Mozilla Firefox\\firefox.exe" "-marionette" "-profile" "C:\\Users\\ELITEB~1\\AppData\\Local\\Temp\\rust_mozprofile.x9mkWF03LNgL"
Unable to read VR Path Registry from C:\Users\EliteBook 8560W\AppData\Local\openvr\openvrpaths.vrpath
1525426045924	Marionette	INFO	Enabled via --marionette
Unable to read VR Path Registry from C:\Users\EliteBook 8560W\AppData\Local\openvr\openvrpaths.vrpath
Unable to read VR Path Registry from C:\Users\EliteBook 8560W\AppData\Local\openvr\openvrpaths.vrpath
Unable to read VR Path Registry from C:\Users\EliteBook 8560W\AppData\Local\openvr\openvrpaths.vrpath
Unable to read VR Path Registry from C:\Users\EliteBook 8560W\AppData\Local\openvr\openvrpaths.vrpath
1525426047620	Marionette	INFO	Listening on port 52678
1525426048448	Marionette	WARN	TLS certificate errors will be ignored for this session
[Child 7296, Chrome_ChildThread] WARNING: pipe error: 109: file z:/build/build/src/ipc/chromium/src/chrome/common/ipc_channel_win.cc, line 346
[Child 7296, Chrome_ChildThread] [Child 27364, Chrome_ChildThread] WARNING: pipe error: 109: file z:/build/build/src/ipc/chromium/src/chrome/common/ipc_channel_win.cc, line 346
[Child 27364, Chrome_[Ch*** UTM:SVC TimerManager:registerTimer called after profile-before-change notification. Ignoring timer registration for id: telemetry_modules_ping

###!!! [Child][MessageChannel::SendAndWait] Error: Channel error: cannot send/recv

1525426054672	geckodriver::marionette	ERROR	Failed to stop browser process
1525426107883	geckodriver	INFO	geckodriver 0.20.0
1525426107892	geckodriver	INFO	Listening on 127.0.0.1:52716
1525426110927	mozrunner::runner	INFO	Running command: "C:\\Program Files\\Mozilla Firefox\\firefox.exe" "-marionette" "-profile" "C:\\Users\\ELITEB~1\\AppData\\Local\\Temp\\rust_mozprofile.YRd6cd7vD4Bu"
Unable to read VR Path Registry from C:\Users\EliteBook 8560W\AppData\Local\openvr\openvrpaths.vrpath
1525426111836	Marionette	INFO	Enabled via --marionette
Unable to read VR Path Registry from C:\Users\EliteBook 8560W\AppData\Local\openvr\openvrpaths.vrpath
Unable to read VR Path Registry from C:\Users\EliteBook 8560W\AppData\Local\openvr\openvrpaths.vrpath
Unable to read VR Path Registry from C:\Users\EliteBook 8560W\AppData\Local\openvr\openvrpaths.vrpath
Unable to read VR Path Registry from C:\Users\EliteBook 8560W\AppData\Local\openvr\openvrpaths.vrpath
1525426113850	Marionette	INFO	Listening on port 52725
1525426114060	Marionette	WARN	TLS certificate errors will be ignored for this session
[Child 57700, Chrome_ChildThread] WARNING: pipe error: 109: file z:/build/build/src/ipc/chromium/src/chrome/common/ipc_channel_win.cc, line 346
[Child 57700, [Child 45860, Chrome_ChildT*** UTM:SVC TimerManager:registerTimer called after profile-before-change notification. Ignoring timer registration for id: telemetry_modules_ping

###!!! [Child][MessageChannel::SendAndWait] Error: Channel error: cannot send/recv

1525426120460	geckodriver::marionette	ERROR	Failed to stop browser process
1525426500993	geckodriver	INFO	geckodriver 0.20.0
1525426501002	geckodriver	INFO	Listening on 127.0.0.1:52848
1525426504054	mozrunner::runner	INFO	Running command: "C:\\Program Files\\Mozilla Firefox\\firefox.exe" "-marionette" "-profile" "C:\\Users\\ELITEB~1\\AppData\\Local\\Temp\\rust_mozprofile.aXTybufaOTUr"
Unable to read VR Path Registry from C:\Users\EliteBook 8560W\AppData\Local\openvr\openvrpaths.vrpath
1525426504656	Marionette	INFO	Enabled via --marionette
Unable to read VR Path Registry from C:\Users\EliteBook 8560W\AppData\Local\openvr\openvrpaths.vrpath
Unable to read VR Path Registry from C:\Users\EliteBook 8560W\AppData\Local\openvr\openvrpaths.vrpath
Unable to read VR Path Registry from C:\Users\EliteBook 8560W\AppData\Local\openvr\openvrpaths.vrpath
Unable to read VR Path Registry from C:\Users\EliteBook 8560W\AppData\Local\openvr\openvrpaths.vrpath
1525426506670	Marionette	INFO	Listening on port 52857
1525426507172	Marionette	WARN	TLS certificate errors will be ignored for this session
[Child 26096, Chrome_ChildThread] WARNING: pipe error: 109: file z:/build/build/src/ipc/chromium/src/chrome/common/ipc_channel_win.cc, line 346
[Child 26096, C[Child 29576, Chrome_ChildThread] WARNING: pipe error: 109: file z:/build/build/src/ipc/chromium/src/chrome/common/ipc_channel_win.cc, line 346
[Child 29576, Chrom*** UTM:SVC TimerManager:registerTimer called after profile-before-change notification. Ignoring timer registration for id: telemetry_modules_ping

###!!! [Child][MessageChannel::SendAndWait] Error: Channel error: cannot send/recv

1525426513459	geckodriver::marionette	ERROR	Failed to stop browser process
1525432863395	geckodriver	INFO	geckodriver 0.20.0
1525432863404	geckodriver	INFO	Listening on 127.0.0.1:53528
1525432866428	mozrunner::runner	INFO	Running command: "C:\\Program Files\\Mozilla Firefox\\firefox.exe" "-marionette" "-profile" "C:\\Users\\ELITEB~1\\AppData\\Local\\Temp\\rust_mozprofile.9t1WpBCDNbDH"
Unable to read VR Path Registry from C:\Users\EliteBook 8560W\AppData\Local\openvr\openvrpaths.vrpath
1525432867090	Marionette	INFO	Enabled via --marionette
Unable to read VR Path Registry from C:\Users\EliteBook 8560W\AppData\Local\openvr\openvrpaths.vrpath
Unable to read VR Path Registry from C:\Users\EliteBook 8560W\AppData\Local\openvr\openvrpaths.vrpath
Unable to read VR Path Registry from C:\Users\EliteBook 8560W\AppData\Local\openvr\openvrpaths.vrpath
Unable to read VR Path Registry from C:\Users\EliteBook 8560W\AppData\Local\openvr\openvrpaths.vrpath
1525432868924	Marionette	INFO	Listening on port 53536
1525432869546	Marionette	WARN	TLS certificate errors will be ignored for this session
[Child 12552, Chrome_ChildThread] WARNING: pipe error: 109: file z:/build/build/src/ipc/chromium/src/chrome/common/ipc_channel_win.cc, line 346
[Child 12552, Chr[Parent 22004, Gecko_IOThread] WARNING: pipe error: 109: file z:/build/build/src/ipc/chromium/src/chrome/common/ipc_channel_win.cc, line 346
[Child 23060, Chrome_ChildThread] WARNING: pipe error: 109: file z:/build/build/src/ipc/chromium/src/chrome/common/ipc_channel_win.cc, line 346
[Child 23060, Chr*** UTM:SVC TimerManager:registerTimer called after profile-before-change notification. Ignoring timer registration for id: telemetry_modules_ping

###!!! [Child][MessageChannel::SendAndWait] Error: Channel error: cannot send/recv

1525432875737	geckodriver::marionette	ERROR	Failed to stop browser process
1525432889546	geckodriver	INFO	geckodriver 0.20.0
1525432889559	geckodriver	INFO	Listening on 127.0.0.1:53566
1525432892598	mozrunner::runner	INFO	Running command: "C:\\Program Files\\Mozilla Firefox\\firefox.exe" "-marionette" "-profile" "C:\\Users\\ELITEB~1\\AppData\\Local\\Temp\\rust_mozprofile.uNYLYNI2oJWJ"
Unable to read VR Path Registry from C:\Users\EliteBook 8560W\AppData\Local\openvr\openvrpaths.vrpath
1525432893224	Marionette	INFO	Enabled via --marionette
Unable to read VR Path Registry from C:\Users\EliteBook 8560W\AppData\Local\openvr\openvrpaths.vrpath
Unable to read VR Path Registry from C:\Users\EliteBook 8560W\AppData\Local\openvr\openvrpaths.vrpath
Unable to read VR Path Registry from C:\Users\EliteBook 8560W\AppData\Local\openvr\openvrpaths.vrpath
Unable to read VR Path Registry from C:\Users\EliteBook 8560W\AppData\Local\openvr\openvrpaths.vrpath
1525432895044	Marionette	INFO	Listening on port 53574
1525432895718	Marionette	WARN	TLS certificate errors will be ignored for this session
[Child 34388, Chrome_ChildThread] WARNING: pipe error: 109: file z:/build/build/src/ipc/chromium/src/chrome/common/ipc_channel_win.cc, line 346
[Child 34388, [Parent 28572, Gecko_IOThread] WARNING: pipe error: 109: file z:/build/build/src/ipc/chromium/src/chrome/common/ipc_channel_win.cc, line 346
[Child 53664, Chrome_ChildThread] WARNING: pipe error: 109: file z:/build/build/src/ipc/chromium/src/chrome/common/ipc_channel_win.cc, line 346
[Child 53664, Chrome_Ch[Child 35328, Chrome_ChildThread] W*** UTM:SVC TimerManager:registerTimer called after profile-before-change notification. Ignoring timer registration for id: telemetry_modules_ping

###!!! [Child][MessageChannel::SendAndWait] Error: Channel error: cannot send/recv

1525432901976	geckodriver::marionette	ERROR	Failed to stop browser process
1525434571475	geckodriver	INFO	geckodriver 0.20.0
1525434571488	geckodriver	INFO	Listening on 127.0.0.1:54010
1525434574530	mozrunner::runner	INFO	Running command: "C:\\Program Files\\Mozilla Firefox\\firefox.exe" "-marionette" "-profile" "C:\\Users\\ELITEB~1\\AppData\\Local\\Temp\\rust_mozprofile.h0R4XkAlrLDN"
Unable to read VR Path Registry from C:\Users\EliteBook 8560W\AppData\Local\openvr\openvrpaths.vrpath
1525434575158	Marionette	INFO	Enabled via --marionette
Unable to read VR Path Registry from C:\Users\EliteBook 8560W\AppData\Local\openvr\openvrpaths.vrpath
Unable to read VR Path Registry from C:\Users\EliteBook 8560W\AppData\Local\openvr\openvrpaths.vrpath
Unable to read VR Path Registry from C:\Users\EliteBook 8560W\AppData\Local\openvr\openvrpaths.vrpath
Unable to read VR Path Registry from C:\Users\EliteBook 8560W\AppData\Local\openvr\openvrpaths.vrpath
1525434576878	Marionette	INFO	Listening on port 54018
1525434577648	Marionette	WARN	TLS certificate errors will be ignored for this session
JavaScript error: http://localhost:8000/, line 34: TypeError: slides[(slideIndex - 1)] is undefined
[Child 23692, Chrome_ChildThread] WARNING: pipe error: 109: file z:/build/build/src/ipc/chromium/src/chrome/common/ipc_channel_win.cc, line 346
[Child 23692, Chr[Child 63120, Chrome_ChildThread] WARNING: pipe error: 109: file z:/build/build/src/ipc/chromium/src/chrome/common/ipc_channel_win.cc, line 346
[Child 63120, Chrom[Child 13*** UTM:SVC TimerManager:registerTimer called after profile-before-change notification. Ignoring timer registration for id: telemetry_modules_ping

###!!! [Child][MessageChannel::SendAndWait] Error: Channel error: cannot send/recv

1525434583834	geckodriver::marionette	ERROR	Failed to stop browser process
1525439736920	geckodriver	INFO	geckodriver 0.20.0
1525439736929	geckodriver	INFO	Listening on 127.0.0.1:55749
1525439739977	mozrunner::runner	INFO	Running command: "C:\\Program Files\\Mozilla Firefox\\firefox.exe" "-marionette" "-profile" "C:\\Users\\ELITEB~1\\AppData\\Local\\Temp\\rust_mozprofile.ee4Gh4wefbPf"
Unable to read VR Path Registry from C:\Users\EliteBook 8560W\AppData\Local\openvr\openvrpaths.vrpath
1525439740646	Marionette	INFO	Enabled via --marionette
Unable to read VR Path Registry from C:\Users\EliteBook 8560W\AppData\Local\openvr\openvrpaths.vrpath
Unable to read VR Path Registry from C:\Users\EliteBook 8560W\AppData\Local\openvr\openvrpaths.vrpath
Unable to read VR Path Registry from C:\Users\EliteBook 8560W\AppData\Local\openvr\openvrpaths.vrpath
Unable to read VR Path Registry from C:\Users\EliteBook 8560W\AppData\Local\openvr\openvrpaths.vrpath
1525439742644	Marionette	INFO	Listening on port 55757
1525439743094	Marionette	WARN	TLS certificate errors will be ignored for this session
JavaScript error: http://localhost:8000/, line 34: TypeError: slides[(slideIndex - 1)] is undefined
[Child 53648, Chrome_ChildThread] WARNING: pipe error: 109: file z:/build/build/src/ipc/chromium/src/chrome/common/ipc_channel_win.cc, line 346
[Child 53648, [Parent 41020, Gecko_IOThread] WARNING: pipe error: 109: file z:/build/build/src/ipc/chromium/src/chrome/common/ipc_channel_win.cc, line 346
[Child 38956, Chrome_ChildThread] WARNING: pipe error: 109: file z:/build/build/src/ipc/chromium/src/chrome/common/ipc_channel_win.cc, line 346
[Child 38956, Chr[Parent 41020, Gecko_IOThread] WARNING: pipe error: 109: file z:/build/build/src/ipc/chromium/src/chrome/common/ipc_channel_win.cc, line 346
[Child 47596, Chrome_ChildThread] WARNING: pipe error: 109: file z:/build/build/src/ipc/chromium/src/chrome/common/ipc_channel_win.cc, line 346
[Child 47596, Chr*** UTM:SVC TimerManager:registerTimer called after profile-before-change notification. Ignoring timer registration for id: telemetry_modules_ping

###!!! [Child][MessageChannel::SendAndWait] Error: Channel error: cannot send/recv

1525439749325	geckodriver::marionette	ERROR	Failed to stop browser process
1525439783386	geckodriver	INFO	geckodriver 0.20.0
1525439783397	geckodriver	INFO	Listening on 127.0.0.1:55798
1525439786435	mozrunner::runner	INFO	Running command: "C:\\Program Files\\Mozilla Firefox\\firefox.exe" "-marionette" "-profile" "C:\\Users\\ELITEB~1\\AppData\\Local\\Temp\\rust_mozprofile.mGCGAPPoTTQQ"
Unable to read VR Path Registry from C:\Users\EliteBook 8560W\AppData\Local\openvr\openvrpaths.vrpath
1525439787054	Marionette	INFO	Enabled via --marionette
Unable to read VR Path Registry from C:\Users\EliteBook 8560W\AppData\Local\openvr\openvrpaths.vrpath
Unable to read VR Path Registry from C:\Users\EliteBook 8560W\AppData\Local\openvr\openvrpaths.vrpath
Unable to read VR Path Registry from C:\Users\EliteBook 8560W\AppData\Local\openvr\openvrpaths.vrpath
Unable to read VR Path Registry from C:\Users\EliteBook 8560W\AppData\Local\openvr\openvrpaths.vrpath
1525439788854	Marionette	INFO	Listening on port 55806
1525439789556	Marionette	WARN	TLS certificate errors will be ignored for this session
JavaScript error: http://localhost:8000/, line 34: TypeError: slides[(slideIndex - 1)] is undefined
[Child 33596, Chrome_ChildThread] WARNING: pipe error: 109: file z:/build/build/src/ipc/chromium/src/chrome/common/ipc_channel_win.cc, line 346
[Child 33596, Chrome_Child[Child 4192, Chrome_ChildThread] WARNING: pipe error: 109: file z:/build/build/src/ipc/chromium/src/chrome/common/ipc_channel_win.cc, line 346
[Child 4192, Chro[Child 35272, Chrome_ChildThread] WARNING: pipe error: 109: file z:/build/build/src/ipc/chromium/src/chrome/common/ipc_channel_win.cc, line 346
[Child 35272, Chr*** UTM:SVC TimerManager:registerTimer called after profile-before-change notification. Ignoring timer registration for id: telemetry_modules_ping

###!!! [Child][MessageChannel::SendAndWait] Error: Channel error: cannot send/recv

1525439796101	geckodriver::marionette	ERROR	Failed to stop browser process
1525439885760	geckodriver	INFO	geckodriver 0.20.0
1525439885774	geckodriver	INFO	Listening on 127.0.0.1:55864
1525439888787	mozrunner::runner	INFO	Running command: "C:\\Program Files\\Mozilla Firefox\\firefox.exe" "-marionette" "-profile" "C:\\Users\\ELITEB~1\\AppData\\Local\\Temp\\rust_mozprofile.3brgERJlQKEl"
Unable to read VR Path Registry from C:\Users\EliteBook 8560W\AppData\Local\openvr\openvrpaths.vrpath
1525439889594	Marionette	INFO	Enabled via --marionette
Unable to read VR Path Registry from C:\Users\EliteBook 8560W\AppData\Local\openvr\openvrpaths.vrpath
Unable to read VR Path Registry from C:\Users\EliteBook 8560W\AppData\Local\openvr\openvrpaths.vrpath
Unable to read VR Path Registry from C:\Users\EliteBook 8560W\AppData\Local\openvr\openvrpaths.vrpath
Unable to read VR Path Registry from C:\Users\EliteBook 8560W\AppData\Local\openvr\openvrpaths.vrpath
1525439891786	Marionette	INFO	Listening on port 55872
1525439891982	Marionette	WARN	TLS certificate errors will be ignored for this session
JavaScript error: http://localhost:8000/, line 34: TypeError: slides[(slideIndex - 1)] is undefined
[Parent 18888, Gecko_IOThread] WARNING: pipe error: 109: file z:/build/build/src/ipc/chromium/src/chrome/common/ipc_channel_win.cc, line 346
[Child 6640, Chrome_ChildThread] WARNING: pipe error: 109: file z:/build/build/src/ipc/chromium/src/chrome/common/ipc_channel_win.cc, line 346
[Child 6640, Chro[Child 18244, Ch*** UTM:SVC TimerManager:registerTimer called after profile-before-change notification. Ignoring timer registration for id: telemetry_modules_ping

###!!! [Child][MessageChannel::SendAndWait] Error: Channel error: cannot send/recv

1525439898690	geckodriver::marionette	ERROR	Failed to stop browser process
1525439974300	geckodriver	INFO	geckodriver 0.20.0
1525439974309	geckodriver	INFO	Listening on 127.0.0.1:55921
1525439977327	mozrunner::runner	INFO	Running command: "C:\\Program Files\\Mozilla Firefox\\firefox.exe" "-marionette" "-profile" "C:\\Users\\ELITEB~1\\AppData\\Local\\Temp\\rust_mozprofile.x7f6cIdZP6oK"
Unable to read VR Path Registry from C:\Users\EliteBook 8560W\AppData\Local\openvr\openvrpaths.vrpath
1525439977928	Marionette	INFO	Enabled via --marionette
Unable to read VR Path Registry from C:\Users\EliteBook 8560W\AppData\Local\openvr\openvrpaths.vrpath
Unable to read VR Path Registry from C:\Users\EliteBook 8560W\AppData\Local\openvr\openvrpaths.vrpath
Unable to read VR Path Registry from C:\Users\EliteBook 8560W\AppData\Local\openvr\openvrpaths.vrpath
Unable to read VR Path Registry from C:\Users\EliteBook 8560W\AppData\Local\openvr\openvrpaths.vrpath
1525439979722	Marionette	INFO	Listening on port 55930
1525439980442	Marionette	WARN	TLS certificate errors will be ignored for this session
JavaScript error: http://localhost:8000/, line 34: TypeError: slides[(slideIndex - 1)] is undefined
[Child 19416, Chrome_ChildThread] WARNING: pipe error: 109: file z:/build/build/src/ipc/chromium/src/chrome/common/ipc_channel_win.cc, line 346
[Child 19416, Ch[Parent 40652, Gecko_IOThread] WARNING: pipe error: 109: file z:/build/build/src/ipc/chromium/src/chrome/common/ipc_channel_win.cc, line 346
[Child 30676, Chrome_ChildThread] WARNING: pipe error: 109: file z:/build/build/src/ipc/chromium/src/chrome/common/ipc_channel_win.cc, line 346
[Child 30676, Chrome_C[Chil*** UTM:SVC TimerManager:registerTimer called after profile-before-change notification. Ignoring timer registration for id: telemetry_modules_ping

###!!! [Child][MessageChannel::SendAndWait] Error: Channel error: cannot send/recv

1525439986756	geckodriver::marionette	ERROR	Failed to stop browser process
1525440027191	geckodriver	INFO	geckodriver 0.20.0
1525440027201	geckodriver	INFO	Listening on 127.0.0.1:55969
1525440030217	mozrunner::runner	INFO	Running command: "C:\\Program Files\\Mozilla Firefox\\firefox.exe" "-marionette" "-profile" "C:\\Users\\ELITEB~1\\AppData\\Local\\Temp\\rust_mozprofile.FbhTPVqYQBCA"
Unable to read VR Path Registry from C:\Users\EliteBook 8560W\AppData\Local\openvr\openvrpaths.vrpath
1525440030830	Marionette	INFO	Enabled via --marionette
Unable to read VR Path Registry from C:\Users\EliteBook 8560W\AppData\Local\openvr\openvrpaths.vrpath
Unable to read VR Path Registry from C:\Users\EliteBook 8560W\AppData\Local\openvr\openvrpaths.vrpath
Unable to read VR Path Registry from C:\Users\EliteBook 8560W\AppData\Local\openvr\openvrpaths.vrpath
Unable to read VR Path Registry from C:\Users\EliteBook 8560W\AppData\Local\openvr\openvrpaths.vrpath
1525440032684	Marionette	INFO	Listening on port 55977
1525440033330	Marionette	WARN	TLS certificate errors will be ignored for this session
JavaScript error: http://localhost:8000/, line 34: TypeError: slides[(slideIndex - 1)] is undefined
[Parent 55516, Gecko_IOThread] WARNING: pipe error: 109: file z:/build/build/src/ipc/chromium/src/chrome/common/ipc_channel_win.cc, line 346
[Child 30512, Chrome_ChildThread] WARNING: pipe error: 109: file z:/build/build/src/ipc/chromium/src/chrome/common/ipc_channel_win.cc, line 346
[Child 30512, Chr[Parent 55516, Gecko_IOThread] WARNING: pipe error: 109: file z:/build/build/src/ipc/chromium/src/chrome/common/ipc_channel_win.cc, line 346
[Child 61564, Chrome_ChildThread] WARNING: pipe error: 109: file z:/build/build/src/ipc/chromium/src/chrome/common/ipc_channel_win.cc, line 346
[Child 61564, Chrom[Parent 55516, Gecko_IOThread] WARNING: pipe error: 109: file z:/build/build/src/ipc/chromium/src/chrome/common/ipc_channel_win.cc, line 346
*** UTM:SVC TimerManager:registerTimer called after profile-before-change notification. Ignoring timer registration for id: telemetry_modules_ping

###!!! [Child][MessageChannel::SendAndWait] Error: Channel error: cannot send/recv

1525440039734	geckodriver::marionette	ERROR	Failed to stop browser process
1525440059640	geckodriver	INFO	geckodriver 0.20.0
1525440059649	geckodriver	INFO	Listening on 127.0.0.1:56028
1525440062688	mozrunner::runner	INFO	Running command: "C:\\Program Files\\Mozilla Firefox\\firefox.exe" "-marionette" "-profile" "C:\\Users\\ELITEB~1\\AppData\\Local\\Temp\\rust_mozprofile.GgemIPd2osuC"
Unable to read VR Path Registry from C:\Users\EliteBook 8560W\AppData\Local\openvr\openvrpaths.vrpath
1525440063300	Marionette	INFO	Enabled via --marionette
Unable to read VR Path Registry from C:\Users\EliteBook 8560W\AppData\Local\openvr\openvrpaths.vrpath
Unable to read VR Path Registry from C:\Users\EliteBook 8560W\AppData\Local\openvr\openvrpaths.vrpath
Unable to read VR Path Registry from C:\Users\EliteBook 8560W\AppData\Local\openvr\openvrpaths.vrpath
Unable to read VR Path Registry from C:\Users\EliteBook 8560W\AppData\Local\openvr\openvrpaths.vrpath
1525440065088	Marionette	INFO	Listening on port 56036
1525440065808	Marionette	WARN	TLS certificate errors will be ignored for this session
JavaScript error: http://localhost:8000/, line 34: TypeError: slides[(slideIndex - 1)] is undefined
[Child 24512, Chrome_ChildThread] WARNING: pipe error: 109: file z:/build/build/src/ipc/chromium/src/chrome/common/ipc_channel_win.cc, line 346
[Child 24512, [Child 227*** UTM:SVC TimerManager:registerTimer called after profile-before-change notification. Ignoring timer registration for id: telemetry_modules_ping

###!!! [Child][MessageChannel::SendAndWait] Error: Channel error: cannot send/recv

1525440072152	geckodriver::marionette	ERROR	Failed to stop browser process
1525440163508	geckodriver	INFO	geckodriver 0.20.0
1525440163517	geckodriver	INFO	Listening on 127.0.0.1:56132
1525440166539	mozrunner::runner	INFO	Running command: "C:\\Program Files\\Mozilla Firefox\\firefox.exe" "-marionette" "-profile" "C:\\Users\\ELITEB~1\\AppData\\Local\\Temp\\rust_mozprofile.ABpZTE0wPk3D"
Unable to read VR Path Registry from C:\Users\EliteBook 8560W\AppData\Local\openvr\openvrpaths.vrpath
1525440167386	Marionette	INFO	Enabled via --marionette
Unable to read VR Path Registry from C:\Users\EliteBook 8560W\AppData\Local\openvr\openvrpaths.vrpath
Unable to read VR Path Registry from C:\Users\EliteBook 8560W\AppData\Local\openvr\openvrpaths.vrpath
Unable to read VR Path Registry from C:\Users\EliteBook 8560W\AppData\Local\openvr\openvrpaths.vrpath
Unable to read VR Path Registry from C:\Users\EliteBook 8560W\AppData\Local\openvr\openvrpaths.vrpath
1525440169176	Marionette	INFO	Listening on port 56140
1525440169660	Marionette	WARN	TLS certificate errors will be ignored for this session
JavaScript error: http://localhost:8000/, line 34: TypeError: slides[(slideIndex - 1)] is undefined
[Child 64144, Chrome_ChildThread] WARNING: pipe error: 109: file z:/build/build/src/ipc/chromium/src/chrome/common/ipc_channel_win.cc, line 346
[Child 64144, C[Child 1244, Chrome_ChildThread] WARNING: pipe error: 109: file z:/build/build/src/ipc/chromium/src/chrome/common/ipc_channel_win.cc, line 346
[Child 1244, Chro[Child 17792, Chrome_ChildThread] WARNING: pipe error: 109: file z:/build/build/src/ipc/chromium/src/chrome/common/ipc_channel_win.cc, line 346
[Child 17792, Chro*** UTM:SVC TimerManager:registerTimer called after profile-before-change notification. Ignoring timer registration for id: telemetry_modules_ping

###!!! [Child][MessageChannel::SendAndWait] Error: Channel error: cannot send/recv

1525440176097	geckodriver::marionette	ERROR	Failed to stop browser process
1525440356193	geckodriver	INFO	geckodriver 0.20.0
1525440356202	geckodriver	INFO	Listening on 127.0.0.1:56234
1525440359227	mozrunner::runner	INFO	Running command: "C:\\Program Files\\Mozilla Firefox\\firefox.exe" "-marionette" "-profile" "C:\\Users\\ELITEB~1\\AppData\\Local\\Temp\\rust_mozprofile.n42wpQRRI7vZ"
Unable to read VR Path Registry from C:\Users\EliteBook 8560W\AppData\Local\openvr\openvrpaths.vrpath
1525440359896	Marionette	INFO	Enabled via --marionette
Unable to read VR Path Registry from C:\Users\EliteBook 8560W\AppData\Local\openvr\openvrpaths.vrpath
Unable to read VR Path Registry from C:\Users\EliteBook 8560W\AppData\Local\openvr\openvrpaths.vrpath
Unable to read VR Path Registry from C:\Users\EliteBook 8560W\AppData\Local\openvr\openvrpaths.vrpath
Unable to read VR Path Registry from C:\Users\EliteBook 8560W\AppData\Local\openvr\openvrpaths.vrpath
1525440361968	Marionette	INFO	Listening on port 56242
1525440362346	Marionette	WARN	TLS certificate errors will be ignored for this session
JavaScript error: http://localhost:8000/, line 34: TypeError: slides[(slideIndex - 1)] is undefined
[Parent 24352, Gecko_IOThread] WARNING: pipe error: 109: file z:/build/build/src/ipc/chromium/src/chrome/common/ipc_channel_win.cc, line 346
[Child 62636, Chrome_ChildThread] WARNING: pipe error: 109: file z:/build/build/src/ipc/chromium/src/chrome/common/ipc_channel_win.cc, line 346
[Child 62636, Ch[Parent 24352, Gecko_IOThread] WARNING: pipe error: 109: file z:/build/build/src/ipc/chromium/src/chrome/common/ipc_channel_win.cc, line 346
[Child 17460, Chrome_ChildThread] WARNING: pipe error: 109: file z:/build/build/src/ipc/chromium/src/chrome/common/ipc_channel_win.cc, line 346
[Child 17460, Chrome_C[Parent 24352, Gecko_IOThread] WARNING: pipe error: 109: file z:/build/build/src/ipc/chromium/src/chrome/common/ipc_channel_win.cc, line 346
[Child 40792, Chrome_ChildThread] WARNING: pipe error: 109: file z:/build/build/src/ipc/chromium/src/chrome/common/ipc_channel_win.cc, line 346
[Child 40792, Chr*** UTM:SVC TimerManager:registerTimer called after profile-before-change notification. Ignoring timer registration for id: telemetry_modules_ping

###!!! [Child][MessageChannel::SendAndWait] Error: Channel error: cannot send/recv

1525440368952	geckodriver::marionette	ERROR	Failed to stop browser process
1525441530376	geckodriver	INFO	geckodriver 0.20.0
1525441530385	geckodriver	INFO	Listening on 127.0.0.1:56768
1525441533400	mozrunner::runner	INFO	Running command: "C:\\Program Files\\Mozilla Firefox\\firefox.exe" "-marionette" "-profile" "C:\\Users\\ELITEB~1\\AppData\\Local\\Temp\\rust_mozprofile.8srthmwdvmB2"
Unable to read VR Path Registry from C:\Users\EliteBook 8560W\AppData\Local\openvr\openvrpaths.vrpath
1525441534130	Marionette	INFO	Enabled via --marionette
Unable to read VR Path Registry from C:\Users\EliteBook 8560W\AppData\Local\openvr\openvrpaths.vrpath
Unable to read VR Path Registry from C:\Users\EliteBook 8560W\AppData\Local\openvr\openvrpaths.vrpath
Unable to read VR Path Registry from C:\Users\EliteBook 8560W\AppData\Local\openvr\openvrpaths.vrpath
Unable to read VR Path Registry from C:\Users\EliteBook 8560W\AppData\Local\openvr\openvrpaths.vrpath
1525441536014	Marionette	INFO	Listening on port 56776
1525441536522	Marionette	WARN	TLS certificate errors will be ignored for this session
JavaScript error: http://localhost:8000/, line 34: TypeError: slides[(slideIndex - 1)] is undefined
[Parent 4916, Gecko_IOThread] WARNING: pipe error: 109: file z:/build/build/src/ipc/chromium/src/chrome/common/ipc_channel_win.cc, line 346
[Parent 4916, Gecko_IOThread] WARNING: pipe error: 109: file z:/build/build/src/ipc/chromium/src/chrome/common/ipc_channel_win.cc, line 346
*** UTM:SVC TimerManager:registerTimer called after profile-before-change notification. Ignoring timer registration for id: telemetry_modules_ping

###!!! [Child][MessageChannel::SendAndWait] Error: Channel error: cannot send/recv

1525441542946	geckodriver::marionette	ERROR	Failed to stop browser process
1525441716725	geckodriver	INFO	geckodriver 0.20.0
1525441716735	geckodriver	INFO	Listening on 127.0.0.1:56830
1525441719761	mozrunner::runner	INFO	Running command: "C:\\Program Files\\Mozilla Firefox\\firefox.exe" "-marionette" "-profile" "C:\\Users\\ELITEB~1\\AppData\\Local\\Temp\\rust_mozprofile.szywMsnJtTjq"
Unable to read VR Path Registry from C:\Users\EliteBook 8560W\AppData\Local\openvr\openvrpaths.vrpath
1525441720476	Marionette	INFO	Enabled via --marionette
Unable to read VR Path Registry from C:\Users\EliteBook 8560W\AppData\Local\openvr\openvrpaths.vrpath
Unable to read VR Path Registry from C:\Users\EliteBook 8560W\AppData\Local\openvr\openvrpaths.vrpath
Unable to read VR Path Registry from C:\Users\EliteBook 8560W\AppData\Local\openvr\openvrpaths.vrpath
Unable to read VR Path Registry from C:\Users\EliteBook 8560W\AppData\Local\openvr\openvrpaths.vrpath
1525441722330	Marionette	INFO	Listening on port 56838
1525441722880	Marionette	WARN	TLS certificate errors will be ignored for this session
JavaScript error: http://localhost:8000/, line 34: TypeError: slides[(slideIndex - 1)] is undefined
[Parent 43832, Gecko_IOThread] WARNING: pipe error: 109: file z:/build/build/src/ipc/chromium/src/chrome/common/ipc_channel_win.cc, line 346
*** UTM:SVC TimerManager:registerTimer called after profile-before-change notification. Ignoring timer registration for id: telemetry_modules_ping

###!!! [Child][MessageChannel::SendAndWait] Error: Channel error: cannot send/recv

1525441728443	geckodriver::marionette	ERROR	Failed to stop browser process
1525441746326	geckodriver	INFO	geckodriver 0.20.0
1525441746336	geckodriver	INFO	Listening on 127.0.0.1:56874
1525441749362	mozrunner::runner	INFO	Running command: "C:\\Program Files\\Mozilla Firefox\\firefox.exe" "-marionette" "-profile" "C:\\Users\\ELITEB~1\\AppData\\Local\\Temp\\rust_mozprofile.UwFmHTvaHoai"
Unable to read VR Path Registry from C:\Users\EliteBook 8560W\AppData\Local\openvr\openvrpaths.vrpath
1525441750088	Marionette	INFO	Enabled via --marionette
Unable to read VR Path Registry from C:\Users\EliteBook 8560W\AppData\Local\openvr\openvrpaths.vrpath
Unable to read VR Path Registry from C:\Users\EliteBook 8560W\AppData\Local\openvr\openvrpaths.vrpath
Unable to read VR Path Registry from C:\Users\EliteBook 8560W\AppData\Local\openvr\openvrpaths.vrpath
Unable to read VR Path Registry from C:\Users\EliteBook 8560W\AppData\Local\openvr\openvrpaths.vrpath
1525441752146	Marionette	INFO	Listening on port 56882
1525441752484	Marionette	WARN	TLS certificate errors will be ignored for this session
JavaScript error: http://localhost:8000/, line 34: TypeError: slides[(slideIndex - 1)] is undefined
JavaScript error: http://localhost:8000/transport/, line 32: TypeError: slides[(slideIndex - 1)] is undefined
JavaScript error: http://localhost:8000/transport/, line 32: TypeError: slides[(slideIndex - 1)] is undefined
[Child 39644, Chrome_ChildThread] WARNING: pipe error: 109: file z:/build/build/src/ipc/chromium/src/chrome/common/ipc_channel_win.cc, line 346
[Child 39644, Chr[Child 62980, Chrome_ChildThread] WARNING: pipe error: 109: file z:/build/build/src/ipc/chromium/src/chrome/common/ipc_channel_win.cc, line 346
[Child 62980, Chrom[Child 28008, Chrome_ChildThread] WARNING: pipe error: 109: file z:/build/build/src/ipc/chromium/src/chrome/common/ipc_channel_win.cc, line 346
[Child 28008, Chr*** UTM:SVC TimerManager:registerTimer called after profile-before-change notification. Ignoring timer registration for id: telemetry_modules_ping

###!!! [Child][MessageChannel::SendAndWait] Error: Channel error: cannot send/recv

1525441759117	geckodriver::marionette	ERROR	Failed to stop browser process
1525441870850	geckodriver	INFO	geckodriver 0.20.0
1525441870861	geckodriver	INFO	Listening on 127.0.0.1:56968
1525441873900	mozrunner::runner	INFO	Running command: "C:\\Program Files\\Mozilla Firefox\\firefox.exe" "-marionette" "-profile" "C:\\Users\\ELITEB~1\\AppData\\Local\\Temp\\rust_mozprofile.ylyS778wxI8h"
Unable to read VR Path Registry from C:\Users\EliteBook 8560W\AppData\Local\openvr\openvrpaths.vrpath
1525441874612	Marionette	INFO	Enabled via --marionette
Unable to read VR Path Registry from C:\Users\EliteBook 8560W\AppData\Local\openvr\openvrpaths.vrpath
Unable to read VR Path Registry from C:\Users\EliteBook 8560W\AppData\Local\openvr\openvrpaths.vrpath
Unable to read VR Path Registry from C:\Users\EliteBook 8560W\AppData\Local\openvr\openvrpaths.vrpath
Unable to read VR Path Registry from C:\Users\EliteBook 8560W\AppData\Local\openvr\openvrpaths.vrpath
1525441876566	Marionette	INFO	Listening on port 56977
1525441877012	Marionette	WARN	TLS certificate errors will be ignored for this session
JavaScript error: http://localhost:8000/, line 34: TypeError: slides[(slideIndex - 1)] is undefined
[Child 45468, Chrome_ChildThread] WARNING: pipe error: 109: file z:/build/build/src/ipc/chromium/src/chrome/common/ipc_channel_win.cc, line 346
[Child 45468, *** UTM:SVC TimerManager:registerTimer called after profile-before-change notification. Ignoring timer registration for id: telemetry_modules_ping

###!!! [Child][MessageChannel::SendAndWait] Error: Channel error: cannot send/recv

1525441882637	geckodriver::marionette	ERROR	Failed to stop browser process
1525441915140	geckodriver	INFO	geckodriver 0.20.0
1525441915149	geckodriver	INFO	Listening on 127.0.0.1:57018
1525441918197	mozrunner::runner	INFO	Running command: "C:\\Program Files\\Mozilla Firefox\\firefox.exe" "-marionette" "-profile" "C:\\Users\\ELITEB~1\\AppData\\Local\\Temp\\rust_mozprofile.OPYgSSTBt94h"
Unable to read VR Path Registry from C:\Users\EliteBook 8560W\AppData\Local\openvr\openvrpaths.vrpath
1525441918882	Marionette	INFO	Enabled via --marionette
Unable to read VR Path Registry from C:\Users\EliteBook 8560W\AppData\Local\openvr\openvrpaths.vrpath
Unable to read VR Path Registry from C:\Users\EliteBook 8560W\AppData\Local\openvr\openvrpaths.vrpath
Unable to read VR Path Registry from C:\Users\EliteBook 8560W\AppData\Local\openvr\openvrpaths.vrpath
Unable to read VR Path Registry from C:\Users\EliteBook 8560W\AppData\Local\openvr\openvrpaths.vrpath
1525441920616	Marionette	INFO	Listening on port 57026
1525441921316	Marionette	WARN	TLS certificate errors will be ignored for this session
JavaScript error: http://localhost:8000/, line 34: TypeError: slides[(slideIndex - 1)] is undefined
[Child 39928, Chrome_ChildThread] WARNING: pipe error: 109: file z:/build/build/src/ipc/chromium/src/chrome/common/ipc_channel_win.cc, line 346
[Child 39928, C[Parent 33416, Gecko_IOThread] WARNING: pipe error: 109: file z:/build/build/src/ipc/chromium/src/chrome/common/ipc_channel_win.cc, line 346
*** UTM:SVC TimerManager:registerTimer called after profile-before-change notification. Ignoring timer registration for id: telemetry_modules_ping

###!!! [Child][MessageChannel::SendAndWait] Error: Channel error: cannot send/recv

1525441927584	geckodriver::marionette	ERROR	Failed to stop browser process
1525444301243	geckodriver	INFO	geckodriver 0.20.0
1525444301252	geckodriver	INFO	Listening on 127.0.0.1:57524
1525444304275	mozrunner::runner	INFO	Running command: "C:\\Program Files\\Mozilla Firefox\\firefox.exe" "-marionette" "-profile" "C:\\Users\\ELITEB~1\\AppData\\Local\\Temp\\rust_mozprofile.uebqn6ZUHmkb"
Unable to read VR Path Registry from C:\Users\EliteBook 8560W\AppData\Local\openvr\openvrpaths.vrpath
1525444305096	Marionette	INFO	Enabled via --marionette
Unable to read VR Path Registry from C:\Users\EliteBook 8560W\AppData\Local\openvr\openvrpaths.vrpath
Unable to read VR Path Registry from C:\Users\EliteBook 8560W\AppData\Local\openvr\openvrpaths.vrpath
Unable to read VR Path Registry from C:\Users\EliteBook 8560W\AppData\Local\openvr\openvrpaths.vrpath
Unable to read VR Path Registry from C:\Users\EliteBook 8560W\AppData\Local\openvr\openvrpaths.vrpath
1525444307172	Marionette	INFO	Listening on port 57532
1525444307458	Marionette	WARN	TLS certificate errors will be ignored for this session
JavaScript error: http://localhost:8000/, line 35: TypeError: slides[(slideIndex - 1)] is undefined
[Parent 25224, Gecko_IOThread] WARNING: pipe error: 109: file z:/build/build/src/ipc/chromium/src/chrome/common/ipc_channel_win.cc, line 346
*** UTM:SVC TimerManager:registerTimer called after profile-before-change notification. Ignoring timer registration for id: telemetry_modules_ping

###!!! [Child][MessageChannel::SendAndWait] Error: Channel error: cannot send/recv

1525444314055	geckodriver::marionette	ERROR	Failed to stop browser process
1525445887133	geckodriver	INFO	geckodriver 0.20.0
1525445887143	geckodriver	INFO	Listening on 127.0.0.1:57740
1525445890185	mozrunner::runner	INFO	Running command: "C:\\Program Files\\Mozilla Firefox\\firefox.exe" "-marionette" "-profile" "C:\\Users\\ELITEB~1\\AppData\\Local\\Temp\\rust_mozprofile.zKxOs16D0vSX"
Unable to read VR Path Registry from C:\Users\EliteBook 8560W\AppData\Local\openvr\openvrpaths.vrpath
1525445890852	Marionette	INFO	Enabled via --marionette
Unable to read VR Path Registry from C:\Users\EliteBook 8560W\AppData\Local\openvr\openvrpaths.vrpath
Unable to read VR Path Registry from C:\Users\EliteBook 8560W\AppData\Local\openvr\openvrpaths.vrpath
Unable to read VR Path Registry from C:\Users\EliteBook 8560W\AppData\Local\openvr\openvrpaths.vrpath
Unable to read VR Path Registry from C:\Users\EliteBook 8560W\AppData\Local\openvr\openvrpaths.vrpath
1525445892642	Marionette	INFO	Listening on port 57748
1525445893304	Marionette	WARN	TLS certificate errors will be ignored for this session
JavaScript error: http://localhost:8000/, line 35: TypeError: slides[(slideIndex - 1)] is undefined
[Child 27532, Chrome_ChildThread] WARNING: pipe error: 109: file z:/build/build/src/ipc/chromium/src/chrome/common/ipc_channel_win.cc, line 346
[Child 27532, C*** UTM:SVC TimerManager:registerTimer called after profile-before-change notification. Ignoring timer registration for id: telemetry_modules_ping

###!!! [Child][MessageChannel::SendAndWait] Error: Channel error: cannot send/recv

1525445899643	geckodriver::marionette	ERROR	Failed to stop browser process
1525445955990	geckodriver	INFO	geckodriver 0.20.0
1525445956001	geckodriver	INFO	Listening on 127.0.0.1:57792
1525445959016	mozrunner::runner	INFO	Running command: "C:\\Program Files\\Mozilla Firefox\\firefox.exe" "-marionette" "-profile" "C:\\Users\\ELITEB~1\\AppData\\Local\\Temp\\rust_mozprofile.kDJuFN0IIKGs"
Unable to read VR Path Registry from C:\Users\EliteBook 8560W\AppData\Local\openvr\openvrpaths.vrpath
1525445959638	Marionette	INFO	Enabled via --marionette
Unable to read VR Path Registry from C:\Users\EliteBook 8560W\AppData\Local\openvr\openvrpaths.vrpath
Unable to read VR Path Registry from C:\Users\EliteBook 8560W\AppData\Local\openvr\openvrpaths.vrpath
Unable to read VR Path Registry from C:\Users\EliteBook 8560W\AppData\Local\openvr\openvrpaths.vrpath
Unable to read VR Path Registry from C:\Users\EliteBook 8560W\AppData\Local\openvr\openvrpaths.vrpath
1525445961498	Marionette	INFO	Listening on port 57800
1525445962126	Marionette	WARN	TLS certificate errors will be ignored for this session
JavaScript error: http://localhost:8000/, line 35: TypeError: slides[(slideIndex - 1)] is undefined
[Child 59708, Chrome_ChildThread] WARNING: pipe error: 109: file z:/build/build/src/ipc/chromium/src/chrome/common/ipc_channel_win.cc, line 346
[Child 59708, C[Child 21932, Chrome_ChildThread] WARNING: pipe error: 109: file z:/build/build/src/ipc/chromium/src/chrome/common/ipc_channel_win.cc, line 346
[Child 21932, Chrome_Chil[Parent 5268, Gecko_IOThread] WARNING: pipe error: 109: file z:/build/build/src/ipc/chromium/src/chrome/common/ipc_channel_win.cc, line 346
[Child 21224, Chrome_ChildThread] WARNING: pipe error: 109: file z:/build/build/src/ipc/chromium/src/chrome/common/ipc_channel_win.cc, line 346
[Child 21224, Ch*** UTM:SVC TimerManager:registerTimer called after profile-before-change notification. Ignoring timer registration for id: telemetry_modules_ping

###!!! [Child][MessageChannel::SendAndWait] Error: Channel error: cannot send/recv

1525445968859	geckodriver::marionette	ERROR	Failed to stop browser process
1525446039193	geckodriver	INFO	geckodriver 0.20.0
1525446039202	geckodriver	INFO	Listening on 127.0.0.1:57848
1525446042249	mozrunner::runner	INFO	Running command: "C:\\Program Files\\Mozilla Firefox\\firefox.exe" "-marionette" "-profile" "C:\\Users\\ELITEB~1\\AppData\\Local\\Temp\\rust_mozprofile.gxNPjW5rNIeT"
Unable to read VR Path Registry from C:\Users\EliteBook 8560W\AppData\Local\openvr\openvrpaths.vrpath
1525446042898	Marionette	INFO	Enabled via --marionette
Unable to read VR Path Registry from C:\Users\EliteBook 8560W\AppData\Local\openvr\openvrpaths.vrpath
Unable to read VR Path Registry from C:\Users\EliteBook 8560W\AppData\Local\openvr\openvrpaths.vrpath
Unable to read VR Path Registry from C:\Users\EliteBook 8560W\AppData\Local\openvr\openvrpaths.vrpath
Unable to read VR Path Registry from C:\Users\EliteBook 8560W\AppData\Local\openvr\openvrpaths.vrpath
1525446044934	Marionette	INFO	Listening on port 57856
1525446045360	Marionette	WARN	TLS certificate errors will be ignored for this session
JavaScript error: http://localhost:8000/, line 35: TypeError: slides[(slideIndex - 1)] is undefined
*** UTM:SVC TimerManager:registerTimer called after profile-before-change notification. Ignoring timer registration for id: telemetry_modules_ping

###!!! [Child][MessageChannel::SendAndWait] Error: Channel error: cannot send/recv

1525446051791	geckodriver::marionette	ERROR	Failed to stop browser process
